{
  "RSpec": {
    "coverage": {
      "/Users/matthewjohnson/3mod/cleaned_up_projects/war_or_peace_2.0/lib/card.rb": {
        "lines": [
          1,
          1,
          null,
          null,
          null,
          1,
          1534,
          1534,
          1534,
          null,
          null
        ]
      },
      "/Users/matthewjohnson/3mod/cleaned_up_projects/war_or_peace_2.0/lib/deck.rb": {
        "lines": [
          1,
          1,
          null,
          1,
          171,
          null,
          null,
          1,
          82,
          null,
          null,
          1,
          7,
          19,
          null,
          null,
          null,
          1,
          3,
          null,
          null,
          1,
          16,
          null,
          null,
          1,
          1,
          null,
          null
        ]
      },
      "/Users/matthewjohnson/3mod/cleaned_up_projects/war_or_peace_2.0/lib/player.rb": {
        "lines": [
          1,
          1,
          null,
          null,
          null,
          1,
          163,
          163,
          null,
          null,
          1,
          4,
          null,
          null
        ]
      },
      "/Users/matthewjohnson/3mod/cleaned_up_projects/war_or_peace_2.0/lib/turn.rb": {
        "lines": [
          1,
          1,
          null,
          null,
          null,
          1,
          78,
          78,
          78,
          78,
          78,
          null,
          null,
          1,
          14,
          5,
          9,
          0,
          9,
          5,
          null,
          4,
          4,
          null,
          null,
          null,
          1,
          9,
          null,
          null,
          1,
          0,
          0,
          0,
          0,
          0,
          0,
          0,
          0,
          0,
          0,
          0,
          0,
          0,
          0,
          0,
          0,
          null,
          null,
          null,
          1,
          17,
          null,
          null,
          1,
          6,
          6,
          null,
          null,
          1,
          6,
          6,
          null,
          null,
          1,
          10,
          null,
          null,
          1,
          13,
          7,
          7,
          null,
          6,
          6,
          null,
          null,
          null,
          1,
          19,
          null,
          null,
          1,
          5,
          1,
          null,
          4,
          null,
          null,
          null,
          1,
          6,
          6,
          6,
          6,
          6,
          null,
          null,
          1,
          8,
          4,
          4,
          4,
          null,
          null,
          null,
          1,
          3,
          2,
          2,
          2,
          null,
          3,
          null,
          null,
          1,
          2,
          2,
          4,
          12,
          null,
          null,
          null,
          null
        ]
      },
      "/Users/matthewjohnson/3mod/cleaned_up_projects/war_or_peace_2.0/lib/game.rb": {
        "lines": [
          1,
          null,
          1,
          1,
          null,
          null,
          null,
          null,
          null,
          1,
          5,
          5,
          5,
          5,
          5,
          null,
          null,
          1,
          3,
          3,
          3,
          3,
          3,
          156,
          156,
          null,
          3,
          3,
          null,
          null,
          1,
          2,
          2,
          null,
          null,
          1,
          0,
          0,
          0,
          0,
          null,
          null,
          1,
          0,
          0,
          null,
          null,
          1,
          0,
          0,
          0,
          0,
          0,
          null,
          0,
          0,
          null,
          null,
          null,
          1,
          0,
          null,
          null,
          null,
          null,
          null,
          1,
          0,
          0,
          0,
          0,
          0,
          0,
          0,
          0,
          0,
          0,
          0,
          0,
          0,
          null,
          0,
          0,
          null,
          0,
          null,
          null,
          1,
          0,
          null,
          null
        ]
      },
      "/Users/matthewjohnson/3mod/cleaned_up_projects/war_or_peace_2.0/lib/card_generator.rb": {
        "lines": [
          1,
          null,
          1,
          7,
          7,
          null,
          null,
          1,
          6,
          6,
          312,
          null,
          6,
          312,
          312,
          312,
          312,
          312,
          null,
          6,
          null,
          null
        ]
      },
      "/Users/matthewjohnson/3mod/cleaned_up_projects/war_or_peace_2.0/spec/card_spec.rb": {
        "lines": [
          1,
          null,
          1,
          1,
          1,
          null,
          1,
          null,
          null,
          1,
          1,
          null,
          1,
          1,
          1,
          null,
          null
        ]
      },
      "/Users/matthewjohnson/3mod/cleaned_up_projects/war_or_peace_2.0/spec/deck_spec.rb": {
        "lines": [
          null,
          1,
          null,
          1,
          1,
          6,
          6,
          null,
          6,
          null,
          null,
          6,
          24,
          312,
          null,
          null,
          null,
          null,
          1,
          1,
          1,
          1,
          1,
          1,
          1,
          1,
          1,
          null,
          null,
          null,
          1,
          1,
          1,
          1,
          1,
          1,
          1,
          null,
          1,
          1,
          1,
          null,
          null,
          null,
          1,
          1,
          1,
          1,
          1,
          1,
          1,
          null,
          1,
          1,
          1,
          null,
          null,
          null,
          1,
          1,
          1,
          1,
          1,
          1,
          1,
          null,
          1,
          null,
          null,
          null,
          1,
          1,
          1,
          1,
          1,
          1,
          1,
          null,
          1,
          1,
          1,
          1,
          null,
          null,
          null,
          1,
          1,
          1,
          1,
          1,
          1,
          null,
          1,
          1,
          1,
          1,
          1,
          null,
          null,
          null
        ]
      },
      "/Users/matthewjohnson/3mod/cleaned_up_projects/war_or_peace_2.0/spec/game_spec.rb": {
        "lines": [
          1,
          null,
          1,
          1,
          5,
          5,
          null,
          5,
          null,
          null,
          5,
          20,
          260,
          null,
          null,
          null,
          1,
          1,
          1,
          null,
          1,
          null,
          null,
          1,
          1,
          1,
          null,
          1,
          1,
          1,
          1,
          null,
          1,
          1,
          null,
          1,
          1,
          null,
          null,
          null,
          1,
          1,
          1,
          null,
          1,
          1,
          null,
          1,
          null,
          1,
          1,
          null,
          1,
          1,
          null,
          null,
          null,
          1,
          1,
          1,
          1,
          1,
          null,
          1,
          1,
          null,
          1,
          1,
          1,
          null,
          1,
          1,
          1,
          null,
          null,
          null,
          1,
          1,
          1,
          null,
          1,
          1,
          null,
          null,
          null,
          null,
          null,
          null,
          null
        ]
      },
      "/Users/matthewjohnson/3mod/cleaned_up_projects/war_or_peace_2.0/spec/player_spec.rb": {
        "lines": [
          null,
          1,
          null,
          1,
          1,
          3,
          3,
          3,
          3,
          3,
          null,
          null,
          1,
          1,
          1,
          null,
          null,
          1,
          1,
          1,
          1,
          1,
          null,
          null,
          null,
          null,
          1,
          1,
          1,
          1,
          1,
          1,
          1,
          1,
          1,
          1,
          null,
          null,
          null
        ]
      },
      "/Users/matthewjohnson/3mod/cleaned_up_projects/war_or_peace_2.0/spec/turn_spec.rb": {
        "lines": [
          null,
          1,
          null,
          1,
          1,
          null,
          26,
          26,
          26,
          26,
          26,
          26,
          26,
          26,
          26,
          26,
          26,
          26,
          26,
          null,
          null,
          26,
          26,
          26,
          26,
          26,
          26,
          26,
          26,
          26,
          26,
          26,
          26,
          26,
          null,
          null,
          26,
          26,
          26,
          26,
          26,
          26,
          26,
          26,
          26,
          26,
          26,
          26,
          26,
          null,
          null,
          1,
          1,
          1,
          null,
          null,
          1,
          1,
          1,
          1,
          1,
          1,
          null,
          null,
          null,
          1,
          null,
          1,
          1,
          1,
          1,
          null,
          null,
          1,
          1,
          1,
          1,
          1,
          null,
          null,
          null,
          1,
          1,
          1,
          1,
          1,
          null,
          null,
          null,
          1,
          null,
          1,
          1,
          1,
          null,
          null,
          null,
          1,
          1,
          1,
          null,
          null,
          null,
          1,
          null,
          1,
          1,
          1,
          1,
          1,
          null,
          null,
          null,
          1,
          null,
          1,
          1,
          1,
          null,
          1,
          1,
          1,
          null,
          null,
          null,
          1,
          null,
          1,
          1,
          1,
          null,
          1,
          1,
          null,
          null,
          null,
          null,
          null,
          1,
          null,
          1,
          1,
          1,
          1,
          null,
          null,
          null,
          1,
          null,
          1,
          1,
          1,
          null,
          1,
          null,
          null,
          1,
          1,
          1,
          1,
          1,
          null,
          1,
          1,
          null,
          null,
          null,
          1,
          1,
          1,
          1,
          1,
          1,
          null,
          null,
          null,
          null,
          1,
          1,
          1,
          1,
          null,
          1,
          1,
          null,
          null,
          null,
          1,
          null,
          1,
          1,
          1,
          null,
          1,
          1,
          null,
          1,
          null,
          1,
          null,
          1,
          null,
          null,
          null,
          1,
          1,
          1,
          null,
          1,
          1,
          null,
          1,
          1,
          null,
          1,
          1,
          null,
          1,
          null,
          1,
          null,
          null,
          null,
          1,
          1,
          1,
          null,
          1,
          1,
          null,
          1,
          1,
          null,
          1,
          null,
          1,
          null,
          1,
          1,
          1,
          1,
          1,
          null,
          null,
          null,
          1,
          null,
          1,
          1,
          1,
          1,
          null,
          1,
          1,
          1,
          1,
          1,
          null,
          null,
          null,
          1,
          1,
          1,
          1,
          null,
          1,
          1,
          1,
          1,
          null,
          1,
          null,
          null,
          null,
          1,
          null,
          1,
          1,
          null,
          null,
          null,
          1,
          1,
          null,
          null,
          null,
          1,
          null,
          1,
          1,
          1,
          1,
          1,
          null,
          1,
          1,
          1,
          1,
          1,
          1,
          1,
          1,
          null,
          1,
          1,
          1,
          1,
          1,
          null,
          null,
          null,
          1,
          1,
          1,
          1,
          1,
          1,
          1,
          null,
          1,
          null,
          1,
          1,
          1,
          1,
          1,
          1,
          null,
          1,
          null,
          1,
          1,
          1,
          1,
          1,
          null,
          null,
          null,
          1,
          1,
          null,
          1,
          1,
          null,
          1,
          1,
          null,
          1,
          null,
          1,
          null,
          1,
          1,
          null,
          null,
          null,
          1,
          null,
          1,
          1,
          1,
          null,
          1,
          null,
          1,
          1,
          null,
          null,
          null
        ]
      }
    },
    "timestamp": 1718829226
  }
}
