{
  "RSpec": {
    "coverage": {
      "/Users/matthewjohnson/3mod/cleaned_up_projects/war_or_peace_2.0/lib/card.rb": {
        "lines": [
          1,
          1,
          null,
          null,
          null,
          1,
          600,
          600,
          600,
          null,
          null
        ]
      },
      "/Users/matthewjohnson/3mod/cleaned_up_projects/war_or_peace_2.0/lib/deck.rb": {
        "lines": [
          1,
          1,
          null,
          1,
          150,
          null,
          null,
          1,
          80,
          null,
          null,
          1,
          0,
          0,
          null,
          null,
          null,
          1,
          0,
          null,
          null,
          1,
          12,
          null,
          null,
          1,
          0,
          null,
          null
        ]
      },
      "/Users/matthewjohnson/3mod/cleaned_up_projects/war_or_peace_2.0/lib/player.rb": {
        "lines": [
          1,
          1,
          null,
          null,
          null,
          1,
          150,
          150,
          null,
          null,
          1,
          0,
          null,
          null
        ]
      },
      "/Users/matthewjohnson/3mod/cleaned_up_projects/war_or_peace_2.0/lib/turn.rb": {
        "lines": [
          1,
          1,
          null,
          null,
          null,
          1,
          75,
          75,
          75,
          75,
          75,
          null,
          null,
          1,
          14,
          5,
          9,
          5,
          null,
          4,
          4,
          null,
          null,
          null,
          1,
          17,
          null,
          null,
          1,
          6,
          6,
          null,
          null,
          1,
          6,
          6,
          null,
          null,
          1,
          10,
          null,
          null,
          1,
          13,
          7,
          7,
          null,
          6,
          6,
          null,
          null,
          null,
          1,
          19,
          null,
          null,
          1,
          6,
          2,
          null,
          4,
          null,
          null,
          null,
          1,
          null,
          null,
          6,
          6,
          6,
          6,
          6,
          null,
          null,
          1,
          8,
          4,
          4,
          4,
          null,
          null,
          null,
          1,
          2,
          2,
          2,
          null,
          null,
          1,
          2,
          2,
          4,
          12,
          null,
          null,
          null,
          null
        ]
      }
    },
    "timestamp": 1718413080
  }
}
